Using pre-set license
Built from '2020.3/staging' branch; Version is '2020.3.10f1 (297d780c91bc) revision 2719096'; Using compiler version '192528614'; Build Type 'Release'
OS: 'Windows 10 Home; OS build 19041.985; Version 2004; 64bit' Language: 'en' Physical Memory: 16318 MB
BatchMode: 1, IsHumanControllingUs: 0, StartBugReporterOnCrash: 0, Is64bit: 1, IsPro: 0

 COMMAND LINE ARGUMENTS:
D:\unity\2020.3.10f1\Editor\Unity.exe
-adb2
-batchMode
-noUpm
-name
AssetImportWorker0
-projectPath
D:/unity/spacetrail/space-trail-demo
-logFile
Logs/AssetImportWorker0.log
-srvPort
61046
Successfully changed project path to: D:/unity/spacetrail/space-trail-demo
D:/unity/spacetrail/space-trail-demo
Using Asset Import Pipeline V2.
Refreshing native plugins compatible for Editor in 38.86 ms, found 3 plugins.
Preloading 0 native plugins for Editor in 0.00 ms.
Initialize engine version: 2020.3.10f1 (297d780c91bc)
[Subsystems] Discovering subsystems at path D:/unity/2020.3.10f1/Editor/Data/Resources/UnitySubsystems
[Subsystems] Discovering subsystems at path D:/unity/spacetrail/space-trail-demo/Assets
GfxDevice: creating device client; threaded=0
Direct3D:
    Version:  Direct3D 11.0 [level 11.1]
    Renderer: NVIDIA GeForce GTX 1080 (ID=0x1b80)
    Vendor:   
    VRAM:     8079 MB
    Driver:   27.21.14.6109
Initialize mono
Mono path[0] = 'D:/unity/2020.3.10f1/Editor/Data/Managed'
Mono path[1] = 'D:/unity/2020.3.10f1/Editor/Data/MonoBleedingEdge/lib/mono/unityjit'
Mono config path = 'D:/unity/2020.3.10f1/Editor/Data/MonoBleedingEdge/etc'
Using monoOptions --debugger-agent=transport=dt_socket,embedding=1,server=y,suspend=n,address=127.0.0.1:56832
Begin MonoManager ReloadAssembly
Registering precompiled unity dll's ...
Register platform support module: D:/unity/2020.3.10f1/Editor/Data/PlaybackEngines/WebGLSupport/UnityEditor.WebGL.Extensions.dll
Register platform support module: D:/unity/2020.3.10f1/Editor/Data/PlaybackEngines/WindowsStandaloneSupport/UnityEditor.WindowsStandalone.Extensions.dll
Registered in 0.001120 seconds.
Native extension for WindowsStandalone target not found
Native extension for WebGL target not found
Refreshing native plugins compatible for Editor in 42.15 ms, found 3 plugins.
Preloading 0 native plugins for Editor in 0.00 ms.
Mono: successfully reloaded assembly
- Completed reload, in  0.925 seconds
Platform modules already initialized, skipping
Registering precompiled user dll's ...
Registered in 0.002893 seconds.
Begin MonoManager ReloadAssembly
Native extension for WindowsStandalone target not found
Native extension for WebGL target not found
Refreshing native plugins compatible for Editor in 33.66 ms, found 3 plugins.
Preloading 0 native plugins for Editor in 0.00 ms.
Mono: successfully reloaded assembly
- Completed reload, in  0.995 seconds
Platform modules already initialized, skipping
========================================================================
Worker process is ready to serve import requests
Launched and connected shader compiler UnityShaderCompiler.exe after 0.06 seconds
Refreshing native plugins compatible for Editor in 0.74 ms, found 3 plugins.
Preloading 0 native plugins for Editor in 0.00 ms.
Unloading 1989 Unused Serialized files (Serialized files now loaded: 0)
System memory in use before: 90.1 MB.
System memory in use after: 90.1 MB.

Unloading 32 unused Assets to reduce memory usage. Loaded Objects now: 2427.
Total: 2.483800 ms (FindLiveObjects: 0.286400 ms CreateObjectMapping: 0.117500 ms MarkObjects: 1.963000 ms  DeleteObjects: 0.115600 ms)

========================================================================
Received Import Request.
  path: Assets/images/stairs-simple-down-right.png
  artifactKey: Guid(700b068c72f7f4f4f9b63777714ada62) Importer(815301076,1909f56bfc062723c751e8b465ee728b)
Start importing Assets/images/stairs-simple-down-right.png using Guid(700b068c72f7f4f4f9b63777714ada62) Importer(815301076,1909f56bfc062723c751e8b465ee728b)  -> (artifact id: 'bfbd02ae9c21c9f45608be93428b7f22') in 0.156106 seconds
  Import took 0.160996 seconds .

========================================================================
Received Import Request.
  Time since last request: 26567.579723 seconds.
  path: Assets/scripts/ClickManager.cs
  artifactKey: Guid(020144e033e9ebd40a05cb6821c0f9bd) Importer(815301076,1909f56bfc062723c751e8b465ee728b)
Start importing Assets/scripts/ClickManager.cs using Guid(020144e033e9ebd40a05cb6821c0f9bd) Importer(815301076,1909f56bfc062723c751e8b465ee728b)  -> (artifact id: '988b7ab6ef76cd42d5deaff2ca58f9b4') in 0.016944 seconds
  Import took 0.020410 seconds .

AssetImportWorkerClient::OnTransportError - code=2 error=End of file
